# JRE version: Java(TM) SE Runtime Environment (17.0.9+11) (build 17.0.9+11-LTS-201)
# Java VM: Java HotSpot(TM) 64-Bit Server VM (17.0.9+11-LTS-201, mixed mode, sharing, tiered, compressed oops, compressed class ptrs, g1 gc, windows-amd64)
GC Precious Log:
 CPUs: 4 total, 4 available
 Memory: 7834M
 Large Page Support: Disabled
 NUMA Support: Disabled
 Compressed Oops: Enabled (32-bit)
 Heap Region Size: 1M
 Heap Min Capacity: 8M
 Heap Initial Capacity: 124M
 Heap Max Capacity: 2G
 Pre-touch: Disabled
 Parallel Workers: 4
 Concurrent Workers: 1
 Concurrent Refinement Workers: 4
 Periodic GC: Disabled
Heap:
 garbage-first heap   total 373760K, used 291838K [0x0000000080000000, 0x0000000100000000)
  region size 1024K, 187 young (191488K), 21 survivors (21504K)
 Metaspace       used 97521K, committed 98624K, reserved 557056K
  class space    used 13745K, committed 14272K, reserved 425984K
GC Heap History (20 events):
Event: 20.782 GC heap before
{Heap before GC invocations=31 (full 0):
 garbage-first heap   total 156672K, used 120722K [0x0000000080000000, 0x0000000100000000)
  region size 1024K, 50 young (51200K), 2 survivors (2048K)
 Metaspace       used 68430K, committed 69184K, reserved 491520K
  class space    used 9766K, committed 10112K, reserved 425984K
}
Event: 20.802 GC heap after
{Heap after GC invocations=32 (full 0):
 garbage-first heap   total 156672K, used 79283K [0x0000000080000000, 0x0000000100000000)
  region size 1024K, 7 young (7168K), 7 survivors (7168K)
 Metaspace       used 68430K, committed 69184K, reserved 491520K
  class space    used 9766K, committed 10112K, reserved 425984K
}
Event: 20.825 GC heap before
{Heap before GC invocations=32 (full 0):
 garbage-first heap   total 156672K, used 80307K [0x0000000080000000, 0x0000000100000000)
  region size 1024K, 8 young (8192K), 7 survivors (7168K)
 Metaspace       used 68430K, committed 69184K, reserved 491520K
  class space    used 9766K, committed 10112K, reserved 425984K
}
Event: 20.837 GC heap after
{Heap after GC invocations=33 (full 0):
 garbage-first heap   total 156672K, used 79677K [0x0000000080000000, 0x0000000100000000)
  region size 1024K, 1 young (1024K), 1 survivors (1024K)
 Metaspace       used 68430K, committed 69184K, reserved 491520K
  class space    used 9766K, committed 10112K, reserved 425984K
}
Event: 21.294 GC heap before
{Heap before GC invocations=33 (full 0):
 garbage-first heap   total 156672K, used 96061K [0x0000000080000000, 0x0000000100000000)
  region size 1024K, 19 young (19456K), 1 survivors (1024K)
 Metaspace       used 68587K, committed 69312K, reserved 491520K
  class space    used 9788K, committed 10112K, reserved 425984K
}
Event: 21.298 GC heap after
{Heap after GC invocations=34 (full 0):
 garbage-first heap   total 156672K, used 81496K [0x0000000080000000, 0x0000000100000000)
  region size 1024K, 3 young (3072K), 3 survivors (3072K)
 Metaspace       used 68587K, committed 69312K, reserved 491520K
  class space    used 9788K, committed 10112K, reserved 425984K
}
Event: 22.335 GC heap before
{Heap before GC invocations=35 (full 0):
 garbage-first heap   total 156672K, used 129624K [0x0000000080000000, 0x0000000100000000)
  region size 1024K, 45 young (46080K), 3 survivors (3072K)
 Metaspace       used 71124K, committed 71808K, reserved 491520K
  class space    used 10095K, committed 10432K, reserved 425984K
}
Event: 22.342 GC heap after
{Heap after GC invocations=36 (full 0):
 garbage-first heap   total 156672K, used 93513K [0x0000000080000000, 0x0000000100000000)
  region size 1024K, 6 young (6144K), 6 survivors (6144K)
 Metaspace       used 71124K, committed 71808K, reserved 491520K
  class space    used 10095K, committed 10432K, reserved 425984K
}
Event: 22.368 GC heap before
{Heap before GC invocations=36 (full 0):
 garbage-first heap   total 156672K, used 93513K [0x0000000080000000, 0x0000000100000000)
  region size 1024K, 7 young (7168K), 6 survivors (6144K)
 Metaspace       used 71260K, committed 71936K, reserved 491520K
  class space    used 10099K, committed 10432K, reserved 425984K
}
Event: 22.372 GC heap after
{Heap after GC invocations=37 (full 0):
 garbage-first heap   total 156672K, used 92853K [0x0000000080000000, 0x0000000100000000)
  region size 1024K, 1 young (1024K), 1 survivors (1024K)
 Metaspace       used 71260K, committed 71936K, reserved 491520K
  class space    used 10099K, committed 10432K, reserved 425984K
}
Event: 23.360 GC heap before
{Heap before GC invocations=37 (full 0):
 garbage-first heap   total 156672K, used 131765K [0x0000000080000000, 0x0000000100000000)
  region size 1024K, 35 young (35840K), 1 survivors (1024K)
 Metaspace       used 74508K, committed 75264K, reserved 491520K
  class space    used 10469K, committed 10816K, reserved 425984K
}
Event: 23.366 GC heap after
{Heap after GC invocations=38 (full 0):
 garbage-first heap   total 156672K, used 100080K [0x0000000080000000, 0x0000000100000000)
  region size 1024K, 5 young (5120K), 5 survivors (5120K)
 Metaspace       used 74508K, committed 75264K, reserved 491520K
  class space    used 10469K, committed 10816K, reserved 425984K
}
Event: 23.997 GC heap before
{Heap before GC invocations=39 (full 0):
 garbage-first heap   total 183296K, used 129776K [0x0000000080000000, 0x0000000100000000)
  region size 1024K, 33 young (33792K), 5 survivors (5120K)
 Metaspace       used 76035K, committed 76736K, reserved 557056K
  class space    used 10686K, committed 11008K, reserved 425984K
}
Event: 24.004 GC heap after
{Heap after GC invocations=40 (full 0):
 garbage-first heap   total 183296K, used 98644K [0x0000000080000000, 0x0000000100000000)
  region size 1024K, 3 young (3072K), 3 survivors (3072K)
 Metaspace       used 76035K, committed 76736K, reserved 557056K
  class space    used 10686K, committed 11008K, reserved 425984K
}
Event: 24.078 GC heap before
{Heap before GC invocations=40 (full 0):
 garbage-first heap   total 183296K, used 103764K [0x0000000080000000, 0x0000000100000000)
  region size 1024K, 8 young (8192K), 3 survivors (3072K)
 Metaspace       used 76385K, committed 77056K, reserved 557056K
  class space    used 10730K, committed 11072K, reserved 425984K
}
Event: 24.085 GC heap after
{Heap after GC invocations=41 (full 0):
 garbage-first heap   total 373760K, used 97092K [0x0000000080000000, 0x0000000100000000)
  region size 1024K, 1 young (1024K), 1 survivors (1024K)
 Metaspace       used 76385K, committed 77056K, reserved 557056K
  class space    used 10730K, committed 11072K, reserved 425984K
}
Event: 33.787 GC heap before
{Heap before GC invocations=41 (full 0):
 garbage-first heap   total 373760K, used 248644K [0x0000000080000000, 0x0000000100000000)
  region size 1024K, 149 young (152576K), 1 survivors (1024K)
 Metaspace       used 84268K, committed 85056K, reserved 557056K
  class space    used 11802K, committed 12160K, reserved 425984K
}
Event: 33.801 GC heap after
{Heap after GC invocations=42 (full 0):
 garbage-first heap   total 373760K, used 105285K [0x0000000080000000, 0x0000000100000000)
  region size 1024K, 9 young (9216K), 9 survivors (9216K)
 Metaspace       used 84268K, committed 85056K, reserved 557056K
  class space    used 11802K, committed 12160K, reserved 425984K
}
Event: 37.194 GC heap before
{Heap before GC invocations=42 (full 0):
 garbage-first heap   total 373760K, used 284485K [0x0000000080000000, 0x0000000100000000)
  region size 1024K, 184 young (188416K), 9 survivors (9216K)
 Metaspace       used 93658K, committed 94592K, reserved 557056K
  class space    used 13314K, committed 13696K, reserved 425984K
}
Event: 37.223 GC heap after
{Heap after GC invocations=43 (full 0):
 garbage-first heap   total 373760K, used 117758K [0x0000000080000000, 0x0000000100000000)
  region size 1024K, 21 young (21504K), 21 survivors (21504K)
 Metaspace       used 93658K, committed 94592K, reserved 557056K
  class space    used 13314K, committed 13696K, reserved 425984K
}

