# JRE version: Java(TM) SE Runtime Environment (17.0.9+11) (build 17.0.9+11-LTS-201)
# Java VM: Java HotSpot(TM) 64-Bit Server VM (17.0.9+11-LTS-201, mixed mode, sharing, tiered, compressed oops, compressed class ptrs, g1 gc, windows-amd64)
GC Precious Log:
 CPUs: 4 total, 4 available
 Memory: 7834M
 Large Page Support: Disabled
 NUMA Support: Disabled
 Compressed Oops: Enabled (32-bit)
 Heap Region Size: 1M
 Heap Min Capacity: 8M
 Heap Initial Capacity: 124M
 Heap Max Capacity: 2G
 Pre-touch: Disabled
 Parallel Workers: 4
 Concurrent Workers: 1
 Concurrent Refinement Workers: 4
 Periodic GC: Disabled
Heap:
 garbage-first heap   total 408576K, used 295177K [0x0000000080000000, 0x0000000100000000)
  region size 1024K, 18 young (18432K), 5 survivors (5120K)
 Metaspace       used 113407K, committed 114880K, reserved 557056K
  class space    used 15691K, committed 16384K, reserved 425984K
GC Heap History (20 events):
Event: 65.960 GC heap before
{Heap before GC invocations=75 (full 0):
 garbage-first heap   total 339968K, used 292089K [0x0000000080000000, 0x0000000100000000)
  region size 1024K, 36 young (36864K), 5 survivors (5120K)
 Metaspace       used 110462K, committed 111808K, reserved 557056K
  class space    used 15397K, committed 16000K, reserved 425984K
}
Event: 65.967 GC heap after
{Heap after GC invocations=76 (full 0):
 garbage-first heap   total 339968K, used 261776K [0x0000000080000000, 0x0000000100000000)
  region size 1024K, 4 young (4096K), 4 survivors (4096K)
 Metaspace       used 110462K, committed 111808K, reserved 557056K
  class space    used 15397K, committed 16000K, reserved 425984K
}
Event: 66.546 GC heap before
{Heap before GC invocations=76 (full 0):
 garbage-first heap   total 339968K, used 291472K [0x0000000080000000, 0x0000000100000000)
  region size 1024K, 34 young (34816K), 4 survivors (4096K)
 Metaspace       used 110581K, committed 112000K, reserved 557056K
  class space    used 15418K, committed 16064K, reserved 425984K
}
Event: 66.554 GC heap after
{Heap after GC invocations=77 (full 0):
 garbage-first heap   total 339968K, used 265101K [0x0000000080000000, 0x0000000100000000)
  region size 1024K, 5 young (5120K), 5 survivors (5120K)
 Metaspace       used 110581K, committed 112000K, reserved 557056K
  class space    used 15418K, committed 16064K, reserved 425984K
}
Event: 67.087 GC heap before
{Heap before GC invocations=77 (full 0):
 garbage-first heap   total 339968K, used 291725K [0x0000000080000000, 0x0000000100000000)
  region size 1024K, 32 young (32768K), 5 survivors (5120K)
 Metaspace       used 110672K, committed 112064K, reserved 557056K
  class space    used 15421K, committed 16064K, reserved 425984K
}
Event: 67.096 GC heap after
{Heap after GC invocations=78 (full 0):
 garbage-first heap   total 339968K, used 267154K [0x0000000080000000, 0x0000000100000000)
  region size 1024K, 4 young (4096K), 4 survivors (4096K)
 Metaspace       used 110672K, committed 112064K, reserved 557056K
  class space    used 15421K, committed 16064K, reserved 425984K
}
Event: 67.472 GC heap before
{Heap before GC invocations=78 (full 0):
 garbage-first heap   total 339968K, used 292754K [0x0000000080000000, 0x0000000100000000)
  region size 1024K, 29 young (29696K), 4 survivors (4096K)
 Metaspace       used 110746K, committed 112128K, reserved 557056K
  class space    used 15421K, committed 16064K, reserved 425984K
}
Event: 67.482 GC heap after
{Heap after GC invocations=79 (full 0):
 garbage-first heap   total 339968K, used 269842K [0x0000000080000000, 0x0000000100000000)
  region size 1024K, 4 young (4096K), 4 survivors (4096K)
 Metaspace       used 110746K, committed 112128K, reserved 557056K
  class space    used 15421K, committed 16064K, reserved 425984K
}
Event: 67.808 GC heap before
{Heap before GC invocations=79 (full 0):
 garbage-first heap   total 339968K, used 292370K [0x0000000080000000, 0x0000000100000000)
  region size 1024K, 27 young (27648K), 4 survivors (4096K)
 Metaspace       used 110793K, committed 112192K, reserved 557056K
  class space    used 15425K, committed 16064K, reserved 425984K
}
Event: 67.818 GC heap after
{Heap after GC invocations=80 (full 0):
 garbage-first heap   total 339968K, used 271848K [0x0000000080000000, 0x0000000100000000)
  region size 1024K, 4 young (4096K), 4 survivors (4096K)
 Metaspace       used 110793K, committed 112192K, reserved 557056K
  class space    used 15425K, committed 16064K, reserved 425984K
}
Event: 68.020 GC heap before
{Heap before GC invocations=80 (full 0):
 garbage-first heap   total 339968K, used 293352K [0x0000000080000000, 0x0000000100000000)
  region size 1024K, 26 young (26624K), 4 survivors (4096K)
 Metaspace       used 110801K, committed 112192K, reserved 557056K
  class space    used 15427K, committed 16064K, reserved 425984K
}
Event: 68.029 GC heap after
{Heap after GC invocations=81 (full 0):
 garbage-first heap   total 339968K, used 274658K [0x0000000080000000, 0x0000000100000000)
  region size 1024K, 4 young (4096K), 4 survivors (4096K)
 Metaspace       used 110801K, committed 112192K, reserved 557056K
  class space    used 15427K, committed 16064K, reserved 425984K
}
Event: 68.126 GC heap before
{Heap before GC invocations=81 (full 0):
 garbage-first heap   total 339968K, used 294114K [0x0000000080000000, 0x0000000100000000)
  region size 1024K, 23 young (23552K), 4 survivors (4096K)
 Metaspace       used 110802K, committed 112192K, reserved 557056K
  class space    used 15427K, committed 16064K, reserved 425984K
}
Event: 68.132 GC heap after
{Heap after GC invocations=82 (full 0):
 garbage-first heap   total 339968K, used 276039K [0x0000000080000000, 0x0000000100000000)
  region size 1024K, 3 young (3072K), 3 survivors (3072K)
 Metaspace       used 110802K, committed 112192K, reserved 557056K
  class space    used 15427K, committed 16064K, reserved 425984K
}
Event: 68.409 GC heap before
{Heap before GC invocations=82 (full 0):
 garbage-first heap   total 339968K, used 294471K [0x0000000080000000, 0x0000000100000000)
  region size 1024K, 22 young (22528K), 3 survivors (3072K)
 Metaspace       used 110873K, committed 112256K, reserved 557056K
  class space    used 15435K, committed 16064K, reserved 425984K
}
Event: 68.417 GC heap after
{Heap after GC invocations=83 (full 0):
 garbage-first heap   total 408576K, used 278215K [0x0000000080000000, 0x0000000100000000)
  region size 1024K, 3 young (3072K), 3 survivors (3072K)
 Metaspace       used 110873K, committed 112256K, reserved 557056K
  class space    used 15435K, committed 16064K, reserved 425984K
}
Event: 70.149 GC heap before
{Heap before GC invocations=83 (full 0):
 garbage-first heap   total 408576K, used 342727K [0x0000000080000000, 0x0000000100000000)
  region size 1024K, 67 young (68608K), 3 survivors (3072K)
 Metaspace       used 110975K, committed 112320K, reserved 557056K
  class space    used 15445K, committed 16064K, reserved 425984K
}
Event: 70.160 GC heap after
{Heap after GC invocations=84 (full 0):
 garbage-first heap   total 408576K, used 282089K [0x0000000080000000, 0x0000000100000000)
  region size 1024K, 7 young (7168K), 7 survivors (7168K)
 Metaspace       used 110975K, committed 112320K, reserved 557056K
  class space    used 15445K, committed 16064K, reserved 425984K
}
Event: 71.382 GC heap before
{Heap before GC invocations=84 (full 0):
 garbage-first heap   total 408576K, used 342505K [0x0000000080000000, 0x0000000100000000)
  region size 1024K, 63 young (64512K), 7 survivors (7168K)
 Metaspace       used 112624K, committed 114048K, reserved 557056K
  class space    used 15597K, committed 16256K, reserved 425984K
}
Event: 71.395 GC heap after
{Heap after GC invocations=85 (full 0):
 garbage-first heap   total 408576K, used 283913K [0x0000000080000000, 0x0000000100000000)
  region size 1024K, 5 young (5120K), 5 survivors (5120K)
 Metaspace       used 112624K, committed 114048K, reserved 557056K
  class space    used 15597K, committed 16256K, reserved 425984K
}

